2025-11-05 14:04:41,567 - INFO - 开始换热器成本计算...
2025-11-05 14:04:41,567 - INFO - 开始成本计算...
2025-11-05 14:04:41,567 - INFO - 开始加载功率数据...
2025-11-05 14:04:42,148 - INFO - 加载功率数据完成，共 43735 个点
2025-11-05 14:04:42,148 - INFO - 开始加载人口数据...
2025-11-05 14:04:42,514 - INFO - 加载人口数据完成，共 49714 个点
2025-11-05 14:04:44,939 - INFO - 创建了 49714 个点的人口映射
2025-11-05 14:04:44,940 - INFO - 开始加载ILO时薪数据...
2025-11-05 14:04:45,034 - INFO - 加载ILO时薪数据完成，共 171 个国家
2025-11-05 14:04:45,043 - INFO - 创建了 171 个国家的时薪映射
2025-11-05 14:04:50,015 - WARNING - 有 228 个点缺少时薪数据，安装成本为0
2025-11-05 14:04:50,018 - INFO - 开始保存结果...
2025-11-05 14:04:59,259 - INFO - 结果已保存至: Z:\local_environment_creation\cost\method2\country_energy_power_with_cost.csv
2025-11-05 14:04:59,259 - INFO - 共处理了 43735 个网格点
2025-11-05 14:04:59,259 - INFO - === 统计信息 ===
2025-11-05 14:04:59,260 - INFO - 总成本范围: 0.00 美元 - 1056737916.25 美元
2025-11-05 14:04:59,260 - INFO - 平均成本: 5507173.34 美元
2025-11-05 14:04:59,261 - INFO - 换热器面积范围: 0.00 m² - 19028929.30 m²
2025-11-05 14:04:59,261 - INFO - 平均换热器面积: 82059.04 m²
2025-11-05 14:04:59,261 - INFO - 安装成本范围: 0.00 美元 - 665362918.18 美元
2025-11-05 14:04:59,262 - INFO - 平均安装成本: 1679653.34 美元
2025-11-05 14:04:59,262 - INFO - 按大洲统计总成本:
2025-11-05 14:04:59,266 - INFO -   Africa: 总成本 25935709744.48 美元, 平均成本 3223829.68 美元, 点数 8045.0
2025-11-05 14:04:59,266 - INFO -   Asia: 总成本 132142647471.26 美元, 平均成本 13692119.73 美元, 点数 9651.0
2025-11-05 14:04:59,266 - INFO -   Europe: 总成本 34138165251.02 美元, 平均成本 2841531.98 美元, 点数 12014.0
2025-11-05 14:04:59,267 - INFO -   North America: 总成本 37808853174.16 美元, 平均成本 5695820.00 美元, 点数 6638.0
2025-11-05 14:04:59,267 - INFO -   Oceania: 总成本 1620325975.85 美元, 平均成本 664612.79 美元, 点数 2438.0
2025-11-05 14:04:59,267 - INFO -   South America: 总成本 9202006813.75 美元, 平均成本 1859742.69 美元, 点数 4948.0
2025-11-05 14:04:59,267 - INFO -   Unknown: 总成本 8517437.33 美元, 平均成本 8517437.33 美元, 点数 1.0
2025-11-05 14:04:59,268 - INFO - 换热器成本计算完成！
2025-11-05 14:26:40,597 - INFO - 开始换热器成本计算...
2025-11-05 14:26:40,597 - INFO - 开始成本计算...
2025-11-05 14:26:40,597 - INFO - 开始加载功率数据...
2025-11-05 14:26:41,268 - INFO - 加载功率数据完成，共 43735 个点
2025-11-05 14:26:41,269 - INFO - 开始加载人口数据...
2025-11-05 14:26:41,616 - INFO - 加载人口数据完成，共 49714 个点
2025-11-05 14:26:44,122 - INFO - 创建了 49714 个点的人口映射
2025-11-05 14:26:44,122 - INFO - 开始加载ILO时薪数据...
2025-11-05 14:26:44,219 - INFO - 加载ILO时薪数据完成，共 171 个国家
2025-11-05 14:26:44,226 - INFO - 创建了 170 个国家的时薪映射
2025-11-05 14:26:48,320 - WARNING - 有 228 个点缺少时薪数据，安装成本为0
2025-11-05 14:26:48,323 - INFO - 开始保存结果...
2025-11-05 14:26:48,489 - ERROR - 主程序执行出错: [Errno 13] Permission denied: 'Z:\\local_environment_creation\\cost\\method2\\country_energy_power_with_cost.csv'
2025-11-05 14:27:11,152 - INFO - 开始换热器成本计算...
2025-11-05 14:27:11,152 - INFO - 开始成本计算...
2025-11-05 14:27:11,153 - INFO - 开始加载功率数据...
2025-11-05 14:27:11,730 - INFO - 加载功率数据完成，共 43735 个点
2025-11-05 14:27:11,730 - INFO - 开始加载人口数据...
2025-11-05 14:27:12,148 - INFO - 加载人口数据完成，共 49714 个点
2025-11-05 14:27:14,339 - INFO - 创建了 49714 个点的人口映射
2025-11-05 14:27:14,340 - INFO - 开始加载ILO时薪数据...
2025-11-05 14:27:14,409 - INFO - 加载ILO时薪数据完成，共 171 个国家
2025-11-05 14:27:14,417 - INFO - 创建了 170 个国家的时薪映射
2025-11-05 14:27:18,377 - WARNING - 有 228 个点缺少时薪数据，安装成本为0
2025-11-05 14:27:18,381 - INFO - 开始保存结果...
2025-11-05 14:27:24,844 - INFO - 结果已保存至: Z:\local_environment_creation\cost\method2\country_energy_power_with_cost.csv
2025-11-05 14:27:24,845 - INFO - 共处理了 43735 个网格点
2025-11-05 14:27:24,845 - INFO - === 统计信息 ===
2025-11-05 14:27:24,845 - INFO - 总成本范围: 0.00 美元 - 1056737916.25 美元
2025-11-05 14:27:24,846 - INFO - 平均成本: 5506187.24 美元
2025-11-05 14:27:24,846 - INFO - 换热器面积范围: 0.00 m² - 19028929.30 m²
2025-11-05 14:27:24,846 - INFO - 平均换热器面积: 82059.04 m²
2025-11-05 14:27:24,847 - INFO - 安装成本范围: 0.00 美元 - 665362918.18 美元
2025-11-05 14:27:24,847 - INFO - 平均安装成本: 1678667.24 美元
2025-11-05 14:27:24,847 - INFO - 按大洲统计总成本:
2025-11-05 14:27:24,851 - INFO -   Africa: 总成本 25912121278.94 美元, 平均成本 3220897.61 美元, 点数 8045.0
2025-11-05 14:27:24,851 - INFO -   Asia: 总成本 132123109028.21 美元, 平均成本 13690095.23 美元, 点数 9651.0
2025-11-05 14:27:24,851 - INFO -   Europe: 总成本 34138165251.02 美元, 平均成本 2841531.98 美元, 点数 12014.0
2025-11-05 14:27:24,852 - INFO -   North America: 总成本 37808853174.16 美元, 平均成本 5695820.00 美元, 点数 6638.0
2025-11-05 14:27:24,852 - INFO -   Oceania: 总成本 1620325975.85 美元, 平均成本 664612.79 美元, 点数 2438.0
2025-11-05 14:27:24,852 - INFO -   South America: 总成本 9202006813.75 美元, 平均成本 1859742.69 美元, 点数 4948.0
2025-11-05 14:27:24,852 - INFO -   Unknown: 总成本 8517437.33 美元, 平均成本 8517437.33 美元, 点数 1.0
2025-11-05 14:27:24,854 - INFO - 换热器成本计算完成！
2025-11-05 14:46:49,478 - INFO - 开始换热器成本计算...
2025-11-05 14:46:49,478 - INFO - 开始成本计算...
2025-11-05 14:46:49,478 - INFO - 开始加载功率数据...
2025-11-05 14:46:50,010 - ERROR - 主程序执行出错: 'utf-8' codec can't decode byte 0xa8 in position 85333: invalid start byte
2025-11-05 14:47:10,338 - INFO - 开始换热器成本计算...
2025-11-05 14:47:10,338 - INFO - 开始成本计算...
2025-11-05 14:47:10,338 - INFO - 开始加载功率数据...
2025-11-05 14:47:10,919 - ERROR - 主程序执行出错: 'utf-8' codec can't decode byte 0xa8 in position 85333: invalid start byte
2025-11-05 14:50:23,049 - INFO - 开始换热器成本计算...
2025-11-05 14:50:23,049 - INFO - 开始成本计算...
2025-11-05 14:50:23,049 - INFO - 开始加载功率数据...
2025-11-05 14:50:23,616 - INFO - 成功使用编码 'latin-1' 读取文件: country_energy_power.csv
2025-11-05 14:50:23,616 - INFO - 加载功率数据完成，共 43735 个点
2025-11-05 14:50:23,616 - INFO - 开始加载人口数据...
2025-11-05 14:50:23,893 - INFO - 加载人口数据完成，共 49714 个点
2025-11-05 14:50:26,097 - INFO - 创建了 49714 个点的人口映射
2025-11-05 14:50:26,098 - INFO - 开始加载ILO时薪数据...
2025-11-05 14:50:26,153 - INFO - 加载ILO时薪数据完成，共 171 个国家
2025-11-05 14:50:26,162 - INFO - 创建了 171 个国家的时薪映射
2025-11-05 14:50:30,215 - WARNING - 有 1 个点缺少时薪数据，安装成本为0
2025-11-05 14:50:30,217 - INFO - 开始保存结果...
2025-11-05 14:50:35,816 - INFO - 结果已保存至: Z:\local_environment_creation\cost\method2\country_energy_power_with_cost.csv
2025-11-05 14:50:35,817 - INFO - 共处理了 43735 个网格点
2025-11-05 14:50:35,817 - INFO - === 统计信息 ===
2025-11-05 14:50:35,818 - INFO - 总成本范围: 0.00 美元 - 1056737916.25 美元
2025-11-05 14:50:35,818 - INFO - 平均成本: 5512169.85 美元
2025-11-05 14:50:35,818 - INFO - 换热器面积范围: 0.00 m² - 19028929.30 m²
2025-11-05 14:50:35,819 - INFO - 平均换热器面积: 82059.04 m²
2025-11-05 14:50:35,819 - INFO - 安装成本范围: 0.00 美元 - 665362918.18 美元
2025-11-05 14:50:35,819 - INFO - 平均安装成本: 1684649.85 美元
2025-11-05 14:50:35,820 - INFO - 按大洲统计总成本:
2025-11-05 14:50:35,824 - INFO -   Africa: 总成本 25926100539.66 美元, 平均成本 3222635.24 美元, 点数 8045.0
2025-11-05 14:50:35,824 - INFO -   Asia: 总成本 132362326588.60 美元, 平均成本 13714882.04 美元, 点数 9651.0
2025-11-05 14:50:35,824 - INFO -   Europe: 总成本 34138165251.02 美元, 平均成本 2841531.98 美元, 点数 12014.0
2025-11-05 14:50:35,825 - INFO -   North America: 总成本 37815775490.34 美元, 平均成本 5696862.83 美元, 点数 6638.0
2025-11-05 14:50:35,825 - INFO -   Oceania: 总成本 1621856221.05 美元, 平均成本 665240.45 美元, 点数 2438.0
2025-11-05 14:50:35,825 - INFO -   South America: 总成本 9202006813.75 美元, 平均成本 1859742.69 美元, 点数 4948.0
2025-11-05 14:50:35,825 - INFO -   Unknown: 总成本 8517437.33 美元, 平均成本 8517437.33 美元, 点数 1.0
2025-11-05 14:50:35,826 - INFO - 换热器成本计算完成！
2025-11-05 14:50:36,588 - INFO - 开始换热器成本计算...
2025-11-05 14:50:36,589 - INFO - 开始成本计算...
2025-11-05 14:50:36,589 - INFO - 开始加载功率数据...
2025-11-05 14:50:37,134 - INFO - 成功使用编码 'latin-1' 读取文件: country_energy_power.csv
2025-11-05 14:50:37,135 - INFO - 加载功率数据完成，共 43735 个点
2025-11-05 14:50:37,135 - INFO - 开始加载人口数据...
2025-11-05 14:50:37,186 - INFO - 加载人口数据完成，共 49714 个点
2025-11-05 14:50:39,313 - INFO - 创建了 49714 个点的人口映射
2025-11-05 14:50:39,314 - INFO - 开始加载ILO时薪数据...
2025-11-05 14:50:39,391 - INFO - 加载ILO时薪数据完成，共 171 个国家
2025-11-05 14:50:39,399 - INFO - 创建了 171 个国家的时薪映射
2025-11-05 14:50:43,348 - WARNING - 有 1 个点缺少时薪数据，安装成本为0
2025-11-05 14:50:43,351 - INFO - 开始保存结果...
2025-11-05 14:50:52,362 - INFO - 结果已保存至: Z:\local_environment_creation\cost\method2\country_energy_power_with_cost.csv
2025-11-05 14:50:52,363 - INFO - 共处理了 43735 个网格点
2025-11-05 14:50:52,363 - INFO - === 统计信息 ===
2025-11-05 14:50:52,363 - INFO - 总成本范围: 0.00 美元 - 1056737916.25 美元
2025-11-05 14:50:52,364 - INFO - 平均成本: 5512169.85 美元
2025-11-05 14:50:52,364 - INFO - 换热器面积范围: 0.00 m² - 19028929.30 m²
2025-11-05 14:50:52,364 - INFO - 平均换热器面积: 82059.04 m²
2025-11-05 14:50:52,365 - INFO - 安装成本范围: 0.00 美元 - 665362918.18 美元
2025-11-05 14:50:52,365 - INFO - 平均安装成本: 1684649.85 美元
2025-11-05 14:50:52,365 - INFO - 按大洲统计总成本:
2025-11-05 14:50:52,369 - INFO -   Africa: 总成本 25926100539.66 美元, 平均成本 3222635.24 美元, 点数 8045.0
2025-11-05 14:50:52,369 - INFO -   Asia: 总成本 132362326588.60 美元, 平均成本 13714882.04 美元, 点数 9651.0
2025-11-05 14:50:52,369 - INFO -   Europe: 总成本 34138165251.02 美元, 平均成本 2841531.98 美元, 点数 12014.0
2025-11-05 14:50:52,370 - INFO -   North America: 总成本 37815775490.34 美元, 平均成本 5696862.83 美元, 点数 6638.0
2025-11-05 14:50:52,370 - INFO -   Oceania: 总成本 1621856221.05 美元, 平均成本 665240.45 美元, 点数 2438.0
2025-11-05 14:50:52,370 - INFO -   South America: 总成本 9202006813.75 美元, 平均成本 1859742.69 美元, 点数 4948.0
2025-11-05 14:50:52,370 - INFO -   Unknown: 总成本 8517437.33 美元, 平均成本 8517437.33 美元, 点数 1.0
2025-11-05 14:50:52,371 - INFO - 换热器成本计算完成！
