2025-11-05 14:10:05,308 - INFO - 开始国家成本聚合...
2025-11-05 14:10:05,309 - INFO - === 第一步：加载数据 ===
2025-11-05 14:10:05,309 - INFO - 开始加载网格点成本数据...
2025-11-05 14:10:06,562 - INFO - 加载成本数据完成，共 43735 个点
2025-11-05 14:10:06,562 - INFO - 开始加载点-国家映射数据...
2025-11-05 14:10:07,101 - INFO - 加载点-国家映射数据完成，共 49714 个点
2025-11-05 14:10:07,108 - INFO - 过滤掉Unknown地区后，剩余 43735 个点（过滤了 5979 个点）
2025-11-05 14:10:07,109 - INFO - 开始加载国家人口数据...
2025-11-05 14:10:07,155 - INFO - 加载国家人口数据完成，共 171 个国家
2025-11-05 14:10:07,164 - INFO - 创建了 171 个国家的人口映射
2025-11-05 14:10:07,164 - INFO - === 第二步：按国家聚合成本数据 ===
2025-11-05 14:10:07,165 - INFO - 开始按国家聚合成本数据...
2025-11-05 14:10:09,340 - INFO - 创建了 43735 个点的国家映射
2025-11-05 14:10:11,475 - INFO - 成功聚合了 172 个国家的成本数据
2025-11-05 14:10:11,476 - WARNING - 国家 -99 (-99) 没有人口数据
2025-11-05 14:10:11,488 - INFO - === 第三步：保存结果 ===
2025-11-05 14:10:11,489 - INFO - 开始保存结果...
2025-11-05 14:10:11,568 - INFO - 结果已保存至: Z:\local_environment_creation\cost\method2\country_cost.csv
2025-11-05 14:10:11,568 - INFO - 共处理了 172 个国家
2025-11-05 14:10:11,569 - INFO - === 统计信息 ===
2025-11-05 14:10:11,569 - INFO - 总成本范围: 13543.06 美元 - 60519653764.07 美元
2025-11-05 14:10:11,570 - INFO - 平均总成本: 1400326894.58 美元
2025-11-05 14:10:11,570 - INFO - 人均成本范围: 0.00 美元/人 - 268.59 美元/人
2025-11-05 14:10:11,570 - INFO - 平均人均成本: 34.30 美元/人
2025-11-05 14:10:11,570 - INFO - 按大洲统计:
2025-11-05 14:10:11,575 - INFO -   Africa: 总成本 25935709744.48 美元, 平均成本 518714194.89 美元, 平均人均成本 20.84 美元/人, 国家数 50
2025-11-05 14:10:11,576 - INFO -   Asia: 总成本 132142647471.26 美元, 平均成本 2936503277.14 美元, 平均人均成本 32.23 美元/人, 国家数 45
2025-11-05 14:10:11,577 - INFO -   Europe: 总成本 34138165251.02 美元, 平均成本 875337570.54 美元, 平均人均成本 50.06 美元/人, 国家数 39
2025-11-05 14:10:11,578 - INFO -   North America: 总成本 37808853174.16 美元, 平均成本 2100491843.01 美元, 平均人均成本 51.05 美元/人, 国家数 18
2025-11-05 14:10:11,579 - INFO -   Oceania: 总成本 1620325975.85 美元, 平均成本 270054329.31 美元, 平均人均成本 36.56 美元/人, 国家数 6
2025-11-05 14:10:11,580 - INFO -   South America: 总成本 9202006813.75 美元, 平均成本 707846677.98 美元, 平均人均成本 24.29 美元/人, 国家数 13
2025-11-05 14:10:11,581 - INFO -   Unknown: 总成本 8517437.33 美元, 平均成本 8517437.33 美元, 平均人均成本 0.00 美元/人, 国家数 1
2025-11-05 14:10:11,581 - INFO - 成本最高的前10个国家:
2025-11-05 14:10:11,583 - INFO -   China (CN): 60519653764.07 美元
2025-11-05 14:10:11,584 - INFO -   United States (US): 28845399637.07 美元
2025-11-05 14:10:11,584 - INFO -   India (IN): 27317023303.00 美元
2025-11-05 14:10:11,584 - INFO -   Russian Federation (RU): 5974860693.86 美元
2025-11-05 14:10:11,585 - INFO -   Germany (DE): 5747669138.68 美元
2025-11-05 14:10:11,585 - INFO -   Japan (JP): 5262974201.69 美元
2025-11-05 14:10:11,585 - INFO -   Brazil (BR): 4566028993.92 美元
2025-11-05 14:10:11,585 - INFO -   Indonesia (ID): 4546565329.36 美元
2025-11-05 14:10:11,586 - INFO -   Nigeria (NG): 4263441802.60 美元
2025-11-05 14:10:11,586 - INFO -   Pakistan (PK): 4223305179.88 美元
2025-11-05 14:10:11,586 - INFO - 国家成本聚合完成！
2025-11-05 14:52:11,248 - INFO - 开始国家成本聚合...
2025-11-05 14:52:11,249 - INFO - === 第一步：加载数据 ===
2025-11-05 14:52:11,249 - INFO - 开始加载网格点成本数据...
2025-11-05 14:52:12,337 - INFO - 加载成本数据完成，共 43735 个点
2025-11-05 14:52:12,338 - INFO - 开始加载点-国家映射数据...
2025-11-05 14:52:12,737 - INFO - 加载点-国家映射数据完成，共 49714 个点
2025-11-05 14:52:12,742 - INFO - 过滤掉Unknown地区后，剩余 43735 个点（过滤了 5979 个点）
2025-11-05 14:52:12,742 - INFO - 开始加载国家人口数据...
2025-11-05 14:52:12,773 - INFO - 加载国家人口数据完成，共 171 个国家
2025-11-05 14:52:12,781 - INFO - 创建了 171 个国家的人口映射
2025-11-05 14:52:12,782 - INFO - === 第二步：按国家聚合成本数据 ===
2025-11-05 14:52:12,782 - INFO - 开始按国家聚合成本数据...
2025-11-05 14:52:14,965 - INFO - 创建了 43735 个点的国家映射
2025-11-05 14:52:17,061 - INFO - 成功聚合了 172 个国家的成本数据
2025-11-05 14:52:17,062 - WARNING - 国家 -99 (-99) 没有人口数据
2025-11-05 14:52:17,069 - INFO - === 第三步：保存结果 ===
2025-11-05 14:52:17,069 - INFO - 开始保存结果...
2025-11-05 14:52:17,303 - INFO - 结果已保存至: Z:\local_environment_creation\cost\method2\country_cost.csv
2025-11-05 14:52:17,304 - INFO - 共处理了 172 个国家
2025-11-05 14:52:17,304 - INFO - === 统计信息 ===
2025-11-05 14:52:17,304 - INFO - 总成本范围: 13543.06 美元 - 60519653764.07 美元
2025-11-05 14:52:17,304 - INFO - 平均总成本: 1401597374.08 美元
2025-11-05 14:52:17,305 - INFO - 人均成本范围: 0.00 美元/人 - 268.59 美元/人
2025-11-05 14:52:17,305 - INFO - 平均人均成本: 34.53 美元/人
2025-11-05 14:52:17,305 - INFO - 按大洲统计:
2025-11-05 14:52:17,308 - INFO -   Africa: 总成本 25926100539.66 美元, 平均成本 518522010.79 美元, 平均人均成本 20.89 美元/人, 国家数 50
2025-11-05 14:52:17,309 - INFO -   Asia: 总成本 132362326588.60 美元, 平均成本 2941385035.30 美元, 平均人均成本 32.75 美元/人, 国家数 45
2025-11-05 14:52:17,310 - INFO -   Europe: 总成本 34138165251.02 美元, 平均成本 875337570.54 美元, 平均人均成本 50.06 美元/人, 国家数 39
2025-11-05 14:52:17,310 - INFO -   North America: 总成本 37815775490.34 美元, 平均成本 2100876416.13 美元, 平均人均成本 51.59 美元/人, 国家数 18
2025-11-05 14:52:17,311 - INFO -   Oceania: 总成本 1621856221.05 美元, 平均成本 270309370.17 美元, 平均人均成本 37.39 美元/人, 国家数 6
2025-11-05 14:52:17,312 - INFO -   South America: 总成本 9202006813.75 美元, 平均成本 707846677.98 美元, 平均人均成本 24.29 美元/人, 国家数 13
2025-11-05 14:52:17,313 - INFO -   Unknown: 总成本 8517437.33 美元, 平均成本 8517437.33 美元, 平均人均成本 0.00 美元/人, 国家数 1
2025-11-05 14:52:17,313 - INFO - 成本最高的前10个国家:
2025-11-05 14:52:17,315 - INFO -   China (CN): 60519653764.07 美元
2025-11-05 14:52:17,315 - INFO -   United States (US): 28845399637.07 美元
2025-11-05 14:52:17,315 - INFO -   India (IN): 27317023303.00 美元
2025-11-05 14:52:17,316 - INFO -   Russian Federation (RU): 5974860693.86 美元
2025-11-05 14:52:17,316 - INFO -   Germany (DE): 5747669138.68 美元
2025-11-05 14:52:17,316 - INFO -   Japan (JP): 5262974201.69 美元
2025-11-05 14:52:17,316 - INFO -   Brazil (BR): 4566028993.92 美元
2025-11-05 14:52:17,316 - INFO -   Indonesia (ID): 4546565329.36 美元
2025-11-05 14:52:17,317 - INFO -   Nigeria (NG): 4263441802.60 美元
2025-11-05 14:52:17,317 - INFO -   Pakistan (PK): 4223305179.88 美元
2025-11-05 14:52:17,317 - INFO - 国家成本聚合完成！
2025-11-05 14:59:39,662 - INFO - 开始国家成本聚合...
2025-11-05 14:59:39,662 - INFO - === 第一步：加载数据 ===
2025-11-05 14:59:39,663 - INFO - 开始加载网格点成本数据...
2025-11-05 14:59:40,917 - INFO - 成功使用编码 'utf-8' 读取文件: country_energy_power_with_cost.csv
2025-11-05 14:59:40,918 - INFO - 加载成本数据完成，共 43735 个点
2025-11-05 14:59:40,918 - INFO - 开始加载点-国家映射数据...
2025-11-05 14:59:41,338 - INFO - 成功使用编码 'utf-8' 读取文件: point_country_mapping.csv
2025-11-05 14:59:41,338 - INFO - 加载点-国家映射数据完成，共 49714 个点
2025-11-05 14:59:41,342 - INFO - 过滤掉Unknown地区后，剩余 43735 个点（过滤了 5979 个点）
2025-11-05 14:59:41,342 - INFO - 开始加载国家人口数据...
2025-11-05 14:59:41,407 - INFO - 成功使用编码 'utf-8' 读取文件: country_population_2020.csv
2025-11-05 14:59:41,408 - INFO - 加载国家人口数据完成，共 171 个国家
2025-11-05 14:59:41,415 - INFO - 创建了 171 个国家的人口映射
2025-11-05 14:59:41,415 - INFO - === 第二步：按国家聚合成本数据 ===
2025-11-05 14:59:41,415 - INFO - 开始按国家聚合成本数据...
2025-11-05 14:59:43,624 - INFO - 创建了 43735 个点的国家映射
2025-11-05 14:59:45,791 - INFO - 成功聚合了 172 个国家的成本数据
2025-11-05 14:59:45,791 - WARNING - 国家 -99 (-99) 没有人口数据
2025-11-05 14:59:45,801 - INFO - === 第三步：保存结果 ===
2025-11-05 14:59:45,801 - INFO - 开始保存结果...
2025-11-05 14:59:46,027 - INFO - 结果已保存至: Z:\local_environment_creation\cost\method2\country_cost.csv
2025-11-05 14:59:46,028 - INFO - 共处理了 172 个国家
2025-11-05 14:59:46,028 - INFO - === 统计信息 ===
2025-11-05 14:59:46,028 - INFO - 总成本范围: 13543.06 美元 - 60519653764.07 美元
2025-11-05 14:59:46,029 - INFO - 平均总成本: 1401597374.08 美元
2025-11-05 14:59:46,029 - INFO - 人均成本范围: 0.00 美元/人 - 268.59 美元/人
2025-11-05 14:59:46,029 - INFO - 平均人均成本: 34.53 美元/人
2025-11-05 14:59:46,030 - INFO - 按大洲统计:
2025-11-05 14:59:46,033 - INFO -   Africa: 总成本 25926100539.66 美元, 平均成本 518522010.79 美元, 平均人均成本 20.89 美元/人, 国家数 50
2025-11-05 14:59:46,034 - INFO -   Asia: 总成本 132362326588.60 美元, 平均成本 2941385035.30 美元, 平均人均成本 32.75 美元/人, 国家数 45
2025-11-05 14:59:46,035 - INFO -   Europe: 总成本 34138165251.02 美元, 平均成本 875337570.54 美元, 平均人均成本 50.06 美元/人, 国家数 39
2025-11-05 14:59:46,035 - INFO -   North America: 总成本 37815775490.34 美元, 平均成本 2100876416.13 美元, 平均人均成本 51.59 美元/人, 国家数 18
2025-11-05 14:59:46,036 - INFO -   Oceania: 总成本 1621856221.05 美元, 平均成本 270309370.17 美元, 平均人均成本 37.39 美元/人, 国家数 6
2025-11-05 14:59:46,037 - INFO -   South America: 总成本 9202006813.75 美元, 平均成本 707846677.98 美元, 平均人均成本 24.29 美元/人, 国家数 13
2025-11-05 14:59:46,038 - INFO -   Unknown: 总成本 8517437.33 美元, 平均成本 8517437.33 美元, 平均人均成本 0.00 美元/人, 国家数 1
2025-11-05 14:59:46,038 - INFO - 成本最高的前10个国家:
2025-11-05 14:59:46,040 - INFO -   China (CN): 60519653764.07 美元
2025-11-05 14:59:46,040 - INFO -   United States (US): 28845399637.07 美元
2025-11-05 14:59:46,041 - INFO -   India (IN): 27317023303.00 美元
2025-11-05 14:59:46,041 - INFO -   Russian Federation (RU): 5974860693.86 美元
2025-11-05 14:59:46,041 - INFO -   Germany (DE): 5747669138.68 美元
2025-11-05 14:59:46,042 - INFO -   Japan (JP): 5262974201.69 美元
2025-11-05 14:59:46,042 - INFO -   Brazil (BR): 4566028993.92 美元
2025-11-05 14:59:46,042 - INFO -   Indonesia (ID): 4546565329.36 美元
2025-11-05 14:59:46,043 - INFO -   Nigeria (NG): 4263441802.60 美元
2025-11-05 14:59:46,043 - INFO -   Pakistan (PK): 4223305179.88 美元
2025-11-05 14:59:46,043 - INFO - 国家成本聚合完成！
