2025-11-05 15:23:48,161 - INFO - 开始综合成本分析...
2025-11-05 15:23:48,162 - INFO - === 第一步：加载数据 ===
2025-11-05 15:23:48,162 - INFO - 开始加载国家成本数据...
2025-11-05 15:23:48,213 - INFO - 成功使用编码 'utf-8' 读取文件: country_cost.csv
2025-11-05 15:23:48,213 - INFO - 加载国家成本数据完成，共 172 个国家
2025-11-05 15:23:48,214 - INFO - 修正了 1 条Namibia记录的Country_Code为'NA'
2025-11-05 15:23:48,214 - INFO - 开始加载电力节省数据...
2025-11-05 15:23:48,270 - INFO - 成功使用编码 'utf-8' 读取文件: case9_summary_average.csv
2025-11-05 15:23:48,271 - INFO - 加载电力节省数据完成，共 174 个国家
2025-11-05 15:23:48,278 - INFO - 创建了 173 个国家的电力节省映射
2025-11-05 15:23:48,279 - INFO - 开始加载电价数据...
2025-11-05 15:23:48,303 - INFO - 成功使用编码 'latin-1' 读取文件: global-electricity-per-kwh-pricing-2021.csv
2025-11-05 15:23:48,303 - INFO - 加载电价数据完成，共 230 个国家
2025-11-05 15:23:48,314 - INFO - 创建了 459 个国家的电价映射
2025-11-05 15:23:48,314 - INFO - 平均电价: 0.164948 美元/kWh
2025-11-05 15:23:48,314 - INFO - === 第二步：计算综合成本 ===
2025-11-05 15:23:48,314 - INFO - 开始计算综合成本和投资回收期...
2025-11-05 15:23:48,329 - WARNING - 未找到国家 -99 (-99) 的电力节省数据
2025-11-05 15:23:48,330 - INFO - 完成综合成本计算，共处理 172 个国家
2025-11-05 15:23:48,330 - INFO - 使用平均电价的国家数: 7
2025-11-05 15:23:48,330 - INFO - === 第三步：保存结果 ===
2025-11-05 15:23:48,330 - INFO - 开始保存结果...
2025-11-05 15:23:48,376 - INFO - 输出CSV文件的列顺序: ['Continent', 'Country_Code', 'Country_Name', 'equipment_cost', 'maintenance_cost', 'total_cost', 'save_elec_cost', 'PP']
2025-11-05 15:23:48,376 - INFO - 结果已保存至: Z:\local_environment_creation\cost\method2\country_yearly_per_cost_USD_PP.csv
2025-11-05 15:23:48,376 - INFO - 共处理了 172 个国家
2025-11-05 15:23:48,377 - INFO - === 统计信息 ===
2025-11-05 15:23:48,377 - INFO - 设备成本范围: 0.0000 美元 - 268.5886 美元
2025-11-05 15:23:48,377 - INFO - 平均设备成本: 34.5334 美元
2025-11-05 15:23:48,378 - INFO - 维护成本范围: 0.0000 美元 - 13.4294 美元
2025-11-05 15:23:48,378 - INFO - 平均维护成本: 1.7267 美元
2025-11-05 15:23:48,378 - INFO - 总成本范围: 0.0000 美元 - 282.0180 美元
2025-11-05 15:23:48,378 - INFO - 平均总成本: 36.2600 美元
2025-11-05 15:23:48,379 - INFO - 节省电费范围: 0.0000 美元 - 591.4385 美元
2025-11-05 15:23:48,379 - INFO - 平均节省电费: 53.5554 美元
2025-11-05 15:23:48,379 - INFO - 投资回收期范围: 0.04 年 - 49.68 年
2025-11-05 15:23:48,380 - INFO - 平均投资回收期: 1.93 年
2025-11-05 15:23:48,380 - INFO - 中位数投资回收期: 1.28 年
2025-11-05 15:23:48,380 - INFO - 无法计算投资回收期的国家数: 1
2025-11-05 15:23:48,380 - INFO - 按大洲统计:
2025-11-05 15:23:48,385 - INFO -   Africa: 总设备成本 1044.73 美元, 平均设备成本 20.8946 美元, 平均维护成本 1.0447 美元, 平均总成本 21.9393 美元, 平均节省电费 61.5555 美元, 平均投资回收期 2.55 年, 国家数 50
2025-11-05 15:23:48,387 - INFO -   Asia: 总设备成本 1473.96 美元, 平均设备成本 32.7548 美元, 平均维护成本 1.6377 美元, 平均总成本 34.3925 美元, 平均节省电费 35.4099 美元, 平均投资回收期 1.73 年, 国家数 45
2025-11-05 15:23:48,388 - INFO -   Europe: 总设备成本 1952.37 美元, 平均设备成本 50.0607 美元, 平均维护成本 2.5030 美元, 平均总成本 52.5638 美元, 平均节省电费 26.9083 美元, 平均投资回收期 2.24 年, 国家数 39
2025-11-05 15:23:48,389 - INFO -   North America: 总设备成本 928.59 美元, 平均设备成本 51.5884 美元, 平均维护成本 2.5794 美元, 平均总成本 54.1678 美元, 平均节省电费 106.6897 美元, 平均投资回收期 1.19 年, 国家数 18
2025-11-05 15:23:48,390 - INFO -   Oceania: 总设备成本 224.32 美元, 平均设备成本 37.3861 美元, 平均维护成本 1.8693 美元, 平均总成本 39.2554 美元, 平均节省电费 142.7618 美元, 平均投资回收期 0.98 年, 国家数 6
2025-11-05 15:23:48,391 - INFO -   South America: 总设备成本 315.77 美元, 平均设备成本 24.2898 美元, 平均维护成本 1.2145 美元, 平均总成本 25.5043 美元, 平均节省电费 54.9157 美元, 平均投资回收期 0.79 年, 国家数 13
2025-11-05 15:23:48,392 - INFO -   Unknown: 总设备成本 0.00 美元, 平均设备成本 0.0000 美元, 平均维护成本 0.0000 美元, 平均总成本 0.0000 美元, 平均节省电费 0.0000 美元, 平均投资回收期 nan 年, 国家数 1
2025-11-05 15:23:48,394 - INFO - 投资回收期最短的前10个国家:
2025-11-05 15:23:48,396 - INFO -   Solomon Islands (SB): 0.04 年 (总成本: 23.1989 美元, 节省电费: 591.4385 美元/年)
2025-11-05 15:23:48,396 - INFO -   Somalia (SO): 0.07 年 (总成本: 19.0957 美元, 节省电费: 259.0663 美元/年)
2025-11-05 15:23:48,396 - INFO -   Cuba (CU): 0.08 年 (总成本: 21.6156 美元, 节省电费: 269.8871 美元/年)
2025-11-05 15:23:48,396 - INFO -   Guinea-Bissau (GW): 0.10 年 (总成本: 21.4881 美元, 节省电费: 218.7215 美元/年)
2025-11-05 15:23:48,397 - INFO -   Mali (ML): 0.11 年 (总成本: 20.6628 美元, 节省电费: 196.4014 美元/年)
2025-11-05 15:23:48,397 - INFO -   Jamaica (JM): 0.11 年 (总成本: 22.0216 美元, 节省电费: 197.0058 美元/年)
2025-11-05 15:23:48,397 - INFO -   Haiti (HT): 0.11 年 (总成本: 22.1295 美元, 节省电费: 195.0350 美元/年)
2025-11-05 15:23:48,398 - INFO -   Guyana (GY): 0.13 年 (总成本: 23.3916 美元, 节省电费: 176.2728 美元/年)
2025-11-05 15:23:48,398 - INFO -   El Salvador (SV): 0.13 年 (总成本: 23.2839 美元, 节省电费: 172.7455 美元/年)
2025-11-05 15:23:48,398 - INFO -   Djibouti (DJ): 0.15 年 (总成本: 22.4132 美元, 节省电费: 149.7032 美元/年)
2025-11-05 15:23:48,398 - INFO - 投资回收期最长的前10个国家:
2025-11-05 15:23:48,399 - INFO -   Rwanda (RW): 49.68 年 (总成本: 17.7877 美元, 节省电费: 0.3581 美元/年)
2025-11-05 15:23:48,400 - INFO -   Burundi (BI): 14.71 年 (总成本: 19.8040 美元, 节省电费: 1.3463 美元/年)
2025-11-05 15:23:48,400 - INFO -   Libya (LY): 11.96 年 (总成本: 24.6260 美元, 节省电费: 2.0590 美元/年)
2025-11-05 15:23:48,400 - INFO -   Puerto Rico (PR): 8.04 年 (总成本: 282.0180 美元, 节省电费: 35.0885 美元/年)
2025-11-05 15:23:48,400 - INFO -   Kuwait (KW): 7.57 年 (总成本: 55.9200 美元, 节省电费: 7.3918 美元/年)
2025-11-05 15:23:48,401 - INFO -   Croatia (HR): 7.45 年 (总成本: 117.2845 美元, 节省电费: 15.7428 美元/年)
2025-11-05 15:23:48,401 - INFO -   Zimbabwe (ZW): 6.97 年 (总成本: 20.1299 美元, 节省电费: 2.8878 美元/年)
2025-11-05 15:23:48,401 - INFO -   Kyrgyzstan (KG): 6.73 年 (总成本: 42.1854 美元, 节省电费: 6.2687 美元/年)
2025-11-05 15:23:48,402 - INFO -   Ethiopia (ET): 4.76 年 (总成本: 18.1592 美元, 节省电费: 3.8177 美元/年)
2025-11-05 15:23:48,402 - INFO -   Qatar (QA): 4.75 年 (总成本: 54.4172 美元, 节省电费: 11.4586 美元/年)
2025-11-05 15:23:48,402 - INFO - 综合成本分析完成！
