2025-10-28 18:04:29,044 - INFO - 开始计算国家能耗功率...
2025-10-28 18:04:29,044 - INFO - === 第一步：加载基础数据 ===
2025-10-28 18:04:29,044 - INFO - 加载功率系数参数...
2025-10-28 18:04:29,115 - INFO - 加载参数文件，包含 88 个国家/地区
2025-10-28 18:04:29,126 - INFO - 成功加载 88 个国家的功率系数参数
2025-10-28 18:04:29,126 - INFO - 加载点-国家映射数据...
2025-10-28 18:04:29,127 - INFO - 开始加载点-国家映射数据...
2025-10-28 18:04:29,606 - INFO - 加载点-国家映射数据完成，共 49714 个点
2025-10-28 18:04:29,662 - INFO - 过滤掉Unknown地区后，剩余 43735 个点（过滤了 5979 个点）
2025-10-28 18:04:29,663 - INFO - === 测试单个点 ===
2025-10-28 18:04:29,663 - INFO - === 测试单个点: lat=36.75, lon=101.562 ===
2025-10-28 18:04:35,796 - INFO - 原始最大功率 - Cooling: 0.000000 GW, Heating: 0.065286 GW
2025-10-28 18:04:35,797 - INFO - 开始加载点-国家映射数据...
2025-10-28 18:04:35,854 - INFO - 加载点-国家映射数据完成，共 49714 个点
2025-10-28 18:04:35,858 - INFO - 过滤掉Unknown地区后，剩余 43735 个点（过滤了 5979 个点）
2025-10-28 18:04:35,859 - INFO - 国家信息 - 代码: CN, 名称: China, 大洲: Asia
2025-10-28 18:04:35,859 - INFO - 应用功率系数后的最大功率: 1893307436.13 W
2025-10-28 18:04:35,860 - INFO - 使用的功率系数 - 制热: 29, 制冷: 52
2025-10-28 18:04:35,861 - INFO - 测试成功！
2025-10-28 18:04:35,861 - INFO - 如需运行全部数据，请取消注释下面的代码
2025-10-28 18:11:16,188 - INFO - 开始计算国家能耗功率...
2025-10-28 18:11:16,189 - INFO - === 第一步：加载基础数据 ===
2025-10-28 18:11:16,189 - INFO - 加载功率系数参数...
2025-10-28 18:11:16,248 - INFO - 加载参数文件，包含 88 个国家/地区
2025-10-28 18:11:16,255 - INFO - 成功加载 88 个国家的功率系数参数
2025-10-28 18:11:16,255 - INFO - 加载点-国家映射数据...
2025-10-28 18:11:16,255 - INFO - 开始加载点-国家映射数据...
2025-10-28 18:11:16,610 - INFO - 加载点-国家映射数据完成，共 49714 个点
2025-10-28 18:11:16,617 - INFO - 过滤掉Unknown地区后，剩余 43735 个点（过滤了 5979 个点）
2025-10-28 18:11:16,617 - INFO - === 第二步：计算每个点的最大功率 ===
